# project  configured on Mon Jul 21 13:01:48 2014 by
# waf 1.8.0 (abi 98, python 20705f0 on darwin)
# using ../waf/waf configure
#
----------------------------------------
Setting top to
/Users/jon/Desktop/github/the_machine/+machine
----------------------------------------
Setting out to
/Users/jon/Desktop/github/the_machine/+machine/build
----------------------------------------
Checking for 'clang++' (C++ compiler)
find program=['clang++'] paths=['/opt/local/bin', '/opt/local/sbin', '/usr/local/bin', '/usr/bin', '/bin', '/usr/sbin', '/sbin', '/usr/local/bin', '/opt/X11/bin', '/usr/local/git/bin'] var='CXX' -> ['/usr/bin/clang++']
find program=['ar'] paths=['/opt/local/bin', '/opt/local/sbin', '/usr/local/bin', '/usr/bin', '/bin', '/usr/sbin', '/sbin', '/usr/local/bin', '/opt/X11/bin', '/usr/local/git/bin'] var='AR' -> ['/usr/bin/ar']
/usr/bin/clang++
----------------------------------------
Checking for compiler flags -O2
==>

int main(int argc, char **argv) {
	(void)argc; (void)argv;
	return 0;
}

<==
[1/2] [32mcxx: build/.conf_check_6a78d2f48a7e48190540460eeb37aedd/test.cpp -> build/.conf_check_6a78d2f48a7e48190540460eeb37aedd/testbuild/test.cpp.1.o
[0m
['/usr/bin/clang++', '-O2', '-I/Applications/MATLAB_R2013a.app/extern/include', '../test.cpp', '-c', '-o', '/Users/jon/Desktop/github/the_machine/+machine/build/.conf_check_6a78d2f48a7e48190540460eeb37aedd/testbuild/test.cpp.1.o']
[2/2] [33mcxxprogram: build/.conf_check_6a78d2f48a7e48190540460eeb37aedd/testbuild/test.cpp.1.o -> build/.conf_check_6a78d2f48a7e48190540460eeb37aedd/testbuild/testprog
[0m
['/usr/bin/clang++', 'test.cpp.1.o', '-o', '/Users/jon/Desktop/github/the_machine/+machine/build/.conf_check_6a78d2f48a7e48190540460eeb37aedd/testbuild/testprog', '-L/Applications/MATLAB_R2013a.app/extern/lib/maci64/']
yes
